TN:
SF:/Volumes/Dev/ico/dev/contracts/Algorithms/TokenSCADA1Market.sol
FN:97,TokenSCADA1Market
FNF:1
FNH:1
FNDA:115,TokenSCADA1Market
DA:103,115
LF:1
LH:1
BRF:0
BRH:0
end_of_record
TN:
SF:/Volumes/Dev/ico/dev/contracts/Algorithms/TokenSCADAGeneric.sol
FN:26,TokenSCADAGeneric
FN:37,requiresHardCap
FN:42,getBoughtTokens
FN:59,getMyTokensInFirstStage
FN:77,getMyTokensInSecondStage
FN:100,getPRETokensBasedOnStakeInICO
FN:113,getICOTokensBasedOnStakeInPRE
FN:124,getStageTwoParity
FN:134,getTokenFraction
FN:145,getUnsoldTokenFraction
FN:156,getFraction
FN:164,getSoldTokenAmount
FN:170,getUnsoldTokenAmount
FN:190,getTokenParity
FN:209,initCacheForVariables
FN:228,setTokenParityInCache
FN:237,setStageTwoParityInCache
FN:246,setUnsoldTokenAmountInCache
FN:253,onlyFundingManager
FNF:19
FNH:19
FNDA:115,TokenSCADAGeneric
FNDA:1,requiresHardCap
FNDA:118,getBoughtTokens
FNDA:122,getMyTokensInFirstStage
FNDA:121,getMyTokensInSecondStage
FNDA:3,getPRETokensBasedOnStakeInICO
FNDA:4,getICOTokensBasedOnStakeInPRE
FNDA:34,getStageTwoParity
FNDA:129,getTokenFraction
FNDA:109,getUnsoldTokenFraction
FNDA:115,getFraction
FNDA:108,getSoldTokenAmount
FNDA:34,getUnsoldTokenAmount
FNDA:68,getTokenParity
FNDA:34,initCacheForVariables
FNDA:68,setTokenParityInCache
FNDA:34,setStageTwoParityInCache
FNDA:34,setUnsoldTokenAmountInCache
FNDA:35,onlyFundingManager
DA:27,115
DA:28,115
DA:31,115
DA:34,115
DA:38,1
DA:44,118
DA:46,118
DA:48,118
DA:49,10
DA:52,108
DA:55,108
DA:60,122
DA:61,122
DA:62,122
DA:64,122
DA:65,119
DA:66,119
DA:67,4
DA:70,119
DA:73,3
DA:78,121
DA:79,121
DA:80,121
DA:81,4
DA:83,121
DA:85,13
DA:86,13
DA:87,13
DA:88,9
DA:91,4
DA:96,108
DA:101,3
DA:102,3
DA:103,3
DA:104,3
DA:105,3
DA:106,3
DA:107,3
DA:108,3
DA:114,4
DA:115,4
DA:116,4
DA:117,4
DA:118,4
DA:119,4
DA:120,4
DA:121,4
DA:125,34
DA:126,34
DA:127,34
DA:128,27
DA:130,7
DA:138,129
DA:139,128
DA:141,1
DA:146,109
DA:148,109
DA:149,108
DA:150,108
DA:152,1
DA:158,115
DA:160,115
DA:161,115
DA:165,108
DA:166,108
DA:167,108
DA:171,34
DA:172,34
DA:173,34
DA:176,27
DA:177,27
DA:178,27
DA:179,27
DA:180,27
DA:186,7
DA:191,68
DA:192,68
DA:194,68
DA:195,63
DA:196,63
DA:197,63
DA:198,32
DA:199,32
DA:200,32
DA:203,63
DA:205,5
DA:212,34
DA:213,34
DA:214,34
DA:216,34
DA:217,34
DA:218,34
DA:219,34
DA:220,34
DA:229,68
DA:230,68
DA:231,68
DA:238,34
DA:239,34
DA:240,34
DA:247,34
DA:248,34
DA:249,34
DA:254,35
DA:255,34
LF:105
LH:105
BRDA:48,1,0,10
BRDA:48,1,1,108
BRDA:64,2,0,119
BRDA:64,2,1,3
BRDA:66,3,0,4
BRDA:66,3,1,115
BRDA:80,4,0,4
BRDA:80,4,1,117
BRDA:83,5,0,13
BRDA:83,5,1,108
BRDA:87,6,0,9
BRDA:87,6,1,4
BRDA:127,7,0,27
BRDA:127,7,1,7
BRDA:138,8,0,128
BRDA:138,8,1,1
BRDA:148,9,0,108
BRDA:148,9,1,1
BRDA:173,10,0,27
BRDA:173,10,1,7
BRDA:194,11,0,63
BRDA:194,11,1,5
BRDA:197,12,0,32
BRDA:197,12,1,31
BRDA:199,13,0,32
BRDA:199,13,1,0
BRDA:229,14,0,68
BRDA:229,14,1,0
BRDA:238,15,0,34
BRDA:238,15,1,0
BRDA:247,16,0,34
BRDA:247,16,1,0
BRDA:254,17,0,34
BRDA:254,17,1,1
BRF:34
BRH:30
end_of_record
TN:
SF:/Volumes/Dev/ico/dev/contracts/ApplicationAsset.sol
FN:43,ApplicationAsset
FN:47,setInitialApplicationAddress
FN:51,setInitialOwnerAndName
FN:67,setAssetStates
FN:75,getRecordState
FN:79,getEntityState
FN:83,runBeforeInitialization
FN:87,applyAndLockSettings
FN:99,runBeforeApplyingSettings
FN:103,transferToNewOwner
FN:110,getApplicationAssetAddressByName
FN:123,getApplicationState
FN:127,getApplicationEntityState
FN:131,getAppBylawUint256
FN:136,getAppBylawBytes32
FN:141,onlyOwner
FN:146,onlyApplicationEntity
FN:151,requireInitialised
FN:156,requireNotInitialised
FN:161,requireSettingsApplied
FN:166,requireSettingsNotApplied
FN:171,onlyDeployer
FN:176,onlyAsset
FN:182,getTimestamp
FNF:24
FNH:23
FNDA:1084,ApplicationAsset
FNDA:1065,setInitialApplicationAddress
FNDA:1057,setInitialOwnerAndName
FNDA:592,setAssetStates
FNDA:15467,getRecordState
FNDA:50825,getEntityState
FNDA:828,runBeforeInitialization
FNDA:998,applyAndLockSettings
FNDA:332,runBeforeApplyingSettings
FNDA:42,transferToNewOwner
FNDA:3196,getApplicationAssetAddressByName
FNDA:5246,getApplicationState
FNDA:6813,getApplicationEntityState
FNDA:592,getAppBylawUint256
FNDA:1,getAppBylawBytes32
FNDA:43,onlyOwner
FNDA:85,onlyApplicationEntity
FNDA:3602,requireInitialised
FNDA:3180,requireNotInitialised
FNDA:4,requireSettingsApplied
FNDA:2770,requireSettingsNotApplied
FNDA:2812,onlyDeployer
FNDA:396,onlyAsset
FNDA:0,getTimestamp
DA:44,1084
DA:48,1065
DA:57,1057
DA:58,1057
DA:60,1057
DA:61,1057
DA:62,1057
DA:63,1057
DA:64,1057
DA:69,592
DA:70,592
DA:72,592
DA:76,15467
DA:80,50825
DA:84,828
DA:94,998
DA:95,998
DA:96,998
DA:100,332
DA:104,42
DA:105,41
DA:106,41
DA:107,41
DA:115,3196
DA:116,3196
DA:117,3195
DA:119,1
DA:124,5246
DA:128,6813
DA:132,592
DA:133,592
DA:137,1
DA:138,1
DA:142,43
DA:143,42
DA:147,85
DA:148,83
DA:152,3602
DA:153,3600
DA:157,3180
DA:158,3179
DA:162,4
DA:163,4
DA:167,2770
DA:168,2767
DA:172,2812
DA:173,2807
DA:177,396
DA:178,396
DA:179,392
DA:183,0
LF:51
LH:50
BRDA:104,1,0,41
BRDA:104,1,1,1
BRDA:116,2,0,3195
BRDA:116,2,1,1
BRDA:142,3,0,42
BRDA:142,3,1,1
BRDA:147,4,0,83
BRDA:147,4,1,2
BRDA:152,5,0,3600
BRDA:152,5,1,2
BRDA:157,6,0,3179
BRDA:157,6,1,1
BRDA:162,7,0,4
BRDA:162,7,1,0
BRDA:167,8,0,2767
BRDA:167,8,1,3
BRDA:172,9,0,2807
BRDA:172,9,1,5
BRDA:178,10,0,392
BRDA:178,10,1,4
BRF:20
BRH:19
end_of_record
TN:
SF:/Volumes/Dev/ico/dev/contracts/ApplicationEntity.sol
FN:72,ApplicationEntity
FN:78,setEntityStates
FN:98,getEntityState
FN:112,linkToGateway
FN:129,setUpgradeState
FN:137,addAssetProposals
FN:142,addAssetFunding
FN:147,addAssetMilestones
FN:152,addAssetMeetings
FN:157,addAssetBountyManager
FN:162,addAssetTokenManager
FN:167,addAssetFundingManager
FN:172,addAssetListingContract
FN:177,addAssetNewsContract
FN:182,assetInitialized
FN:194,getAssetAddressByName
FN:203,setBylawUint256
FN:207,getBylawUint256
FN:211,setBylawBytes32
FN:215,getBylawBytes32
FN:219,initialize
FN:225,getParentAddress
FN:229,createCodeUpgradeProposal
FN:251,acceptCodeUpgradeProposal
FN:255,initializeAssetsToThisApplication
FN:273,transferAssetsToNewApplication
FN:295,lock
FN:307,canInitiateCodeUpgrade
FN:318,onlyGatewayInterface
FN:326,onlyProposalsAsset
FN:331,requireNoParent
FN:336,requireNotInitialised
FN:341,requireInitialised
FN:346,onlyDeployer
FN:373,doStateChanges
FN:393,hasRequiredStateChanges
FN:410,anyAssetHasChanges
FN:428,extendedAnyAssetHasChanges
FN:434,extendedAssetProcessor
FN:444,AssetProcessor
FN:502,EntityProcessor
FN:567,getRequiredStateChanges
FN:639,getTimestamp
FNF:43
FNH:42
FNDA:218,ApplicationEntity
FNDA:218,setEntityStates
FNDA:19925,getEntityState
FNDA:32,linkToGateway
FNDA:8,setUpgradeState
FNDA:136,addAssetProposals
FNDA:124,addAssetFunding
FNDA:121,addAssetMilestones
FNDA:121,addAssetMeetings
FNDA:121,addAssetBountyManager
FNDA:124,addAssetTokenManager
FNDA:124,addAssetFundingManager
FNDA:124,addAssetListingContract
FNDA:130,addAssetNewsContract
FNDA:1135,assetInitialized
FNDA:3205,getAssetAddressByName
FNDA:1808,setBylawUint256
FNDA:1492,getBylawUint256
FNDA:131,setBylawBytes32
FNDA:4,getBylawBytes32
FNDA:135,initialize
FNDA:5,getParentAddress
FNDA:13,createCodeUpgradeProposal
FNDA:7,acceptCodeUpgradeProposal
FNDA:136,initializeAssetsToThisApplication
FNDA:8,transferAssetsToNewApplication
FNDA:9,lock
FNDA:2,canInitiateCodeUpgrade
FNDA:312,onlyGatewayInterface
FNDA:8,onlyProposalsAsset
FNDA:34,requireNoParent
FNDA:3248,requireNotInitialised
FNDA:1511,requireInitialised
FNDA:3117,onlyDeployer
FNDA:849,doStateChanges
FNDA:847,hasRequiredStateChanges
FNDA:844,anyAssetHasChanges
FNDA:336,extendedAnyAssetHasChanges
FNDA:817,extendedAssetProcessor
FNDA:849,AssetProcessor
FNDA:130,EntityProcessor
FNDA:1692,getRequiredStateChanges
FNDA:0,getTimestamp
DA:73,218
DA:74,218
DA:75,218
DA:81,218
DA:82,218
DA:83,218
DA:85,218
DA:87,218
DA:88,218
DA:90,218
DA:92,218
DA:93,218
DA:95,218
DA:99,19925
DA:121,32
DA:122,32
DA:125,32
DA:126,32
DA:130,8
DA:138,136
DA:139,136
DA:143,124
DA:144,124
DA:148,121
DA:149,121
DA:153,121
DA:154,121
DA:158,121
DA:159,121
DA:163,124
DA:164,124
DA:168,124
DA:169,124
DA:173,124
DA:174,124
DA:178,130
DA:179,130
DA:183,1135
DA:184,1134
DA:185,1134
DA:186,1134
DA:189,1
DA:191,1135
DA:195,3205
DA:204,1808
DA:208,1492
DA:212,131
DA:216,4
DA:220,135
DA:221,135
DA:222,135
DA:226,5
DA:239,13
DA:242,13
DA:252,7
DA:257,136
DA:258,1043
DA:259,1043
DA:260,1043
DA:261,1043
DA:262,1
DA:265,0
DA:268,135
DA:270,135
DA:274,8
DA:276,40
DA:277,40
DA:278,40
DA:279,40
DA:280,0
DA:283,0
DA:286,8
DA:287,8
DA:296,9
DA:297,9
DA:298,9
DA:299,9
DA:309,2
DA:310,1
DA:312,1
DA:319,312
DA:320,309
DA:327,8
DA:328,7
DA:332,34
DA:333,33
DA:337,3248
DA:338,3242
DA:342,1511
DA:343,1509
DA:347,3117
DA:348,3115
DA:375,849
DA:377,849
DA:379,848
DA:380,848
DA:382,848
DA:384,848
DA:385,130
DA:386,130
DA:389,0
DA:394,847
DA:395,847
DA:396,844
DA:398,844
DA:399,844
DA:400,20
DA:403,844
DA:404,496
DA:407,847
DA:411,844
DA:412,89
DA:414,755
DA:415,283
DA:417,472
DA:418,124
DA:420,348
DA:421,0
DA:424,348
DA:429,336
DA:430,336
DA:436,817
DA:437,0
DA:447,849
DA:450,43
DA:451,42
DA:454,43
DA:455,43
DA:458,43
DA:459,43
DA:464,33
DA:465,13
DA:470,193
DA:471,149
DA:474,193
DA:475,129
DA:480,577
DA:481,240
DA:484,577
DA:485,361
DA:488,577
DA:489,57
DA:494,3
DA:495,1
DA:499,848
DA:504,130
DA:507,130
DA:511,130
DA:569,1692
DA:571,1692
DA:573,43
DA:578,78
DA:579,51
DA:584,373
DA:586,33
DA:590,9
DA:608,1169
DA:610,7
DA:613,1169
DA:614,7
DA:636,1692
DA:640,0
LF:162
LH:155
BRDA:183,1,0,1134
BRDA:183,1,1,1
BRDA:260,2,0,1043
BRDA:260,2,1,0
BRDA:261,3,0,1
BRDA:261,3,1,1042
BRDA:278,4,0,40
BRDA:278,4,1,0
BRDA:279,5,0,0
BRDA:279,5,1,40
BRDA:309,6,0,1
BRDA:309,6,1,1
BRDA:319,7,0,309
BRDA:319,7,1,3
BRDA:327,8,0,7
BRDA:327,8,1,1
BRDA:332,9,0,33
BRDA:332,9,1,1
BRDA:337,10,0,3242
BRDA:337,10,1,6
BRDA:342,11,0,1509
BRDA:342,11,1,2
BRDA:347,12,0,3115
BRDA:347,12,1,2
BRDA:375,13,0,849
BRDA:375,13,1,0
BRDA:384,14,0,130
BRDA:384,14,1,718
BRDA:395,15,0,844
BRDA:395,15,1,3
BRDA:399,16,0,20
BRDA:399,16,1,824
BRDA:403,17,0,496
BRDA:403,17,1,348
BRDA:411,18,0,89
BRDA:411,18,1,755
BRDA:414,19,0,283
BRDA:414,19,1,472
BRDA:417,20,0,124
BRDA:417,20,1,348
BRDA:420,21,0,0
BRDA:420,21,1,348
BRDA:429,22,0,336
BRDA:429,22,1,0
BRDA:436,23,0,0
BRDA:436,23,1,817
BRDA:447,24,0,43
BRDA:447,24,1,806
BRDA:450,25,0,42
BRDA:450,25,1,1
BRDA:454,26,0,43
BRDA:454,26,1,0
BRDA:458,27,0,43
BRDA:458,27,1,0
BRDA:462,28,0,33
BRDA:462,28,1,773
BRDA:464,29,0,13
BRDA:464,29,1,20
BRDA:468,30,0,193
BRDA:468,30,1,580
BRDA:470,31,0,149
BRDA:470,31,1,44
BRDA:474,32,0,129
BRDA:474,32,1,64
BRDA:478,33,0,577
BRDA:478,33,1,3
BRDA:480,34,0,240
BRDA:480,34,1,337
BRDA:484,35,0,361
BRDA:484,35,1,216
BRDA:488,36,0,57
BRDA:488,36,1,520
BRDA:492,37,0,3
BRDA:492,37,1,0
BRDA:494,38,0,1
BRDA:494,38,1,2
BRDA:511,39,0,31
BRDA:511,39,1,99
BRDA:571,40,0,43
BRDA:571,40,1,1649
BRDA:575,41,0,78
BRDA:575,41,1,1571
BRDA:578,42,0,51
BRDA:578,42,1,27
BRDA:582,43,0,373
BRDA:582,43,1,1198
BRDA:584,44,0,33
BRDA:584,44,1,340
BRDA:588,45,0,9
BRDA:588,45,1,331
BRDA:593,46,0,1169
BRDA:593,46,1,29
BRDA:608,47,0,7
BRDA:608,47,1,1162
BRDA:613,48,0,7
BRDA:613,48,1,1162
BRDA:617,49,0,0
BRDA:617,49,1,29
BRDA:622,50,0,0
BRDA:622,50,1,29
BRDA:627,51,0,0
BRDA:627,51,1,29
BRF:102
BRH:89
end_of_record
TN:
SF:/Volumes/Dev/ico/dev/contracts/ApplicationEntityABI.sol
FNF:0
FNH:0
LF:0
LH:0
BRF:0
BRH:0
end_of_record
TN:
SF:/Volumes/Dev/ico/dev/contracts/ApplicationEntitySecond.sol
FN:22,addAssetUpgradeTestAsset
FN:27,initializeNewAssetToThisApplication
FN:44,extendedAnyAssetHasChanges
FN:49,extendedAssetProcessor
FNF:4
FNH:4
FNDA:10,addAssetUpgradeTestAsset
FNDA:9,initializeNewAssetToThisApplication
FNDA:12,extendedAnyAssetHasChanges
FNDA:31,extendedAssetProcessor
DA:23,10
DA:24,10
DA:28,9
DA:29,9
DA:30,9
DA:31,2
DA:34,0
DA:36,7
DA:38,7
DA:45,12
LF:10
LH:9
BRDA:29,1,0,9
BRDA:29,1,1,0
BRDA:30,2,0,2
BRDA:30,2,1,7
BRF:4
BRH:3
end_of_record
TN:
SF:/Volumes/Dev/ico/dev/contracts/Entity/BountyManager.sol
FN:22,runBeforeApplyingSettings
FN:38,sendBounty
FNF:2
FNH:2
FNDA:113,runBeforeApplyingSettings
FNDA:3,sendBounty
DA:27,113
DA:28,113
DA:29,113
DA:31,113
DA:32,113
DA:33,113
DA:35,113
DA:44,3
DA:45,2
DA:47,1
LF:10
LH:10
BRDA:44,1,0,2
BRDA:44,1,1,1
BRF:2
BRH:2
end_of_record
TN:
SF:/Volumes/Dev/ico/dev/contracts/Entity/Funding.sol
FN:97,runBeforeInitialization
FN:108,runBeforeApplyingSettings
FN:114,setAssetStates
FN:143,addSettings
FN:157,addFundingStage
FN:253,adjustFundingSettingsBasedOnNewFundingStage
FN:281,getStageTokenSharePercentage
FN:285,getStagePriceAdd
FN:289,getStageAmountRaised
FN:295,AllocateTokens
FN:300,allowedPaymentMethod
FN:311,receivePayment
FN:341,onlyInputPaymentMethod
FN:346,canAcceptPayment
FN:387,updateFundingStage
FN:411,FundingStageUpdateAllowed
FN:427,isFundingStageUpdateAllowed
FN:451,getRecordStateRequiredChanges
FN:515,doStateChanges
FN:547,hasRequiredStateChanges
FN:565,RecordProcessor
FN:576,EntityProcessor
FN:611,getRequiredStateChanges
FNF:23
FNH:23
FNDA:116,runBeforeInitialization
FNDA:98,runBeforeApplyingSettings
FNDA:116,setAssetStates
FNDA:99,addSettings
FNDA:206,addFundingStage
FNDA:200,adjustFundingSettingsBasedOnNewFundingStage
FNDA:244,getStageTokenSharePercentage
FNDA:32,getStagePriceAdd
FNDA:230,getStageAmountRaised
FNDA:98,AllocateTokens
FNDA:468,allowedPaymentMethod
FNDA:232,receivePayment
FNDA:233,onlyInputPaymentMethod
FNDA:235,canAcceptPayment
FNDA:190,updateFundingStage
FNDA:190,FundingStageUpdateAllowed
FNDA:191,isFundingStageUpdateAllowed
FNDA:1799,getRecordStateRequiredChanges
FNDA:244,doStateChanges
FNDA:1347,hasRequiredStateChanges
FNDA:190,RecordProcessor
FNDA:243,EntityProcessor
FNDA:1799,getRequiredStateChanges
DA:98,116
DA:99,116
DA:102,116
DA:103,116
DA:105,116
DA:109,98
DA:110,98
DA:116,116
DA:117,116
DA:118,116
DA:119,116
DA:120,116
DA:121,116
DA:122,116
DA:123,116
DA:124,116
DA:125,116
DA:128,116
DA:129,116
DA:130,116
DA:131,116
DA:148,99
DA:149,1
DA:152,98
DA:153,98
DA:154,98
DA:175,206
DA:176,1
DA:196,205
DA:197,1
DA:200,204
DA:201,1
DA:207,203
DA:208,1
DA:211,202
DA:212,100
DA:217,100
DA:218,1
DA:222,99
DA:223,1
DA:228,200
DA:229,200
DA:230,200
DA:231,200
DA:232,200
DA:233,200
DA:236,200
DA:237,200
DA:240,200
DA:241,200
DA:242,200
DA:245,200
DA:246,200
DA:248,200
DA:250,200
DA:255,200
DA:257,200
DA:258,298
DA:261,298
DA:264,298
DA:265,200
DA:268,298
DA:269,200
DA:273,200
DA:277,200
DA:278,200
DA:282,244
DA:286,32
DA:290,230
DA:296,98
DA:297,98
DA:301,468
DA:305,466
DA:307,2
DA:319,232
DA:321,231
DA:322,231
DA:324,231
DA:325,145
DA:328,231
DA:330,231
DA:331,231
DA:333,0
DA:337,1
DA:342,233
DA:343,232
DA:347,235
DA:349,234
DA:351,232
DA:363,232
DA:364,232
DA:365,231
DA:370,4
DA:393,190
DA:394,190
DA:395,190
DA:412,190
DA:413,190
DA:429,191
DA:431,191
DA:432,191
DA:434,191
DA:435,190
DA:437,1
DA:453,1799
DA:454,1799
DA:456,1799
DA:457,844
DA:464,955
DA:465,918
DA:479,955
DA:481,302
DA:498,653
DA:500,10
DA:508,643
DA:509,336
DA:512,643
DA:516,244
DA:517,244
DA:519,244
DA:520,244
DA:522,244
DA:524,190
DA:525,190
DA:526,190
DA:529,244
DA:532,243
DA:533,243
DA:534,243
DA:548,1347
DA:550,1347
DA:551,1347
DA:553,1347
DA:554,202
DA:556,1347
DA:557,295
DA:559,1347
DA:566,190
DA:567,190
DA:568,190
DA:569,103
DA:571,54
DA:577,243
DA:581,243
DA:583,243
DA:591,49
DA:593,37
DA:595,12
DA:614,1799
DA:616,1799
DA:617,1799
DA:618,1799
DA:623,1799
DA:626,586
DA:628,274
DA:633,312
DA:635,153
DA:639,159
DA:648,1213
DA:653,22
DA:669,172
DA:670,99
DA:690,53
DA:691,27
DA:713,1799
LF:165
LH:164
BRDA:148,1,0,1
BRDA:148,1,1,98
BRDA:175,2,0,1
BRDA:175,2,1,205
BRDA:196,3,0,1
BRDA:196,3,1,204
BRDA:200,4,0,1
BRDA:200,4,1,203
BRDA:207,5,0,1
BRDA:207,5,1,202
BRDA:211,6,0,100
BRDA:211,6,1,102
BRDA:217,7,0,1
BRDA:217,7,1,99
BRDA:222,8,0,1
BRDA:222,8,1,98
BRDA:264,9,0,200
BRDA:264,9,1,98
BRDA:268,10,0,200
BRDA:268,10,1,98
BRDA:301,11,0,466
BRDA:301,11,1,2
BRDA:319,12,0,231
BRDA:319,12,1,1
BRDA:324,13,0,145
BRDA:324,13,1,86
BRDA:330,14,0,231
BRDA:330,14,1,0
BRDA:342,15,0,232
BRDA:342,15,1,1
BRDA:347,16,0,234
BRDA:347,16,1,1
BRDA:349,17,0,232
BRDA:349,17,1,2
BRDA:364,18,0,231
BRDA:364,18,1,1
BRDA:412,19,0,190
BRDA:412,19,1,0
BRDA:434,20,0,190
BRDA:434,20,1,1
BRDA:456,21,0,844
BRDA:456,21,1,955
BRDA:464,22,0,918
BRDA:464,22,1,37
BRDA:479,23,0,302
BRDA:479,23,1,653
BRDA:498,24,0,10
BRDA:498,24,1,643
BRDA:508,25,0,336
BRDA:508,25,1,307
BRDA:522,26,0,190
BRDA:522,26,1,54
BRDA:529,27,0,243
BRDA:529,27,1,1
BRDA:553,28,0,202
BRDA:553,28,1,1145
BRDA:556,29,0,295
BRDA:556,29,1,1052
BRDA:568,30,0,103
BRDA:568,30,1,87
BRDA:569,31,0,54
BRDA:569,31,1,49
BRDA:583,32,0,49
BRDA:583,32,1,194
BRDA:591,33,0,37
BRDA:591,33,1,12
BRDA:623,34,0,586
BRDA:623,34,1,1213
BRDA:626,35,0,274
BRDA:626,35,1,312
BRDA:630,36,0,312
BRDA:630,36,1,0
BRDA:633,37,0,153
BRDA:633,37,1,159
BRDA:648,38,0,22
BRDA:648,38,1,1191
BRDA:654,39,0,0
BRDA:654,39,1,1191
BRDA:659,40,0,172
BRDA:659,40,1,1019
BRDA:669,41,0,99
BRDA:669,41,1,73
BRDA:678,42,0,53
BRDA:678,42,1,966
BRDA:690,43,0,27
BRDA:690,43,1,26
BRDA:693,44,0,610
BRDA:693,44,1,356
BRDA:701,45,0,9
BRDA:701,45,1,347
BRF:90
BRH:86
end_of_record
TN:
SF:/Volumes/Dev/ico/dev/contracts/Entity/FundingManager.sol
FN:40,setAssetStates
FN:72,runBeforeApplyingSettings
FN:97,receivePayment
FN:146,getMyVaultAddress
FN:150,hasVault
FN:165,setVaultCountPerProcess
FN:173,getHash
FN:177,getCurrentMilestoneProcessed
FN:183,ProcessVaultList
FN:226,processFundingFailedFinished
FN:231,processFundingSuccessfulFinished
FN:236,getCurrentMilestoneIdHash
FN:240,processMilestoneFinished
FN:245,processEmergencyFundReleaseFinished
FN:250,ProcessFundingVault
FN:286,getAfterTransferLockedTokenBalances
FN:312,VaultRequestedUpdateForLockedVotingTokens
FN:321,doStateChanges
FN:334,hasRequiredStateChanges
FN:345,EntityProcessor
FN:411,getRequiredStateChanges
FN:521,ApplicationInFundingOrDevelopment
FNF:22
FNH:22
FNDA:116,setAssetStates
FNDA:113,runBeforeApplyingSettings
FNDA:231,receivePayment
FNDA:185,getMyVaultAddress
FNDA:231,hasVault
FNDA:2,setVaultCountPerProcess
FNDA:2806,getHash
FNDA:55,getCurrentMilestoneProcessed
FNDA:94,ProcessVaultList
FNDA:48,processFundingFailedFinished
FNDA:168,processFundingSuccessfulFinished
FNDA:1384,getCurrentMilestoneIdHash
FNDA:1281,processMilestoneFinished
FNDA:861,processEmergencyFundReleaseFinished
FNDA:352,ProcessFundingVault
FNDA:246,getAfterTransferLockedTokenBalances
FNDA:12,VaultRequestedUpdateForLockedVotingTokens
FNDA:412,doStateChanges
FNDA:1568,hasRequiredStateChanges
FNDA:412,EntityProcessor
FNDA:1993,getRequiredStateChanges
FNDA:1993,ApplicationInFundingOrDevelopment
DA:42,116
DA:43,116
DA:44,116
DA:46,116
DA:47,116
DA:48,116
DA:50,116
DA:51,116
DA:52,116
DA:54,116
DA:55,116
DA:56,116
DA:58,116
DA:59,116
DA:60,116
DA:63,116
DA:64,116
DA:65,116
DA:68,116
DA:77,113
DA:78,113
DA:79,113
DA:81,113
DA:82,113
DA:83,113
DA:85,113
DA:86,113
DA:88,113
DA:89,113
DA:91,113
DA:92,113
DA:105,231
DA:106,231
DA:109,231
DA:111,214
DA:112,214
DA:120,214
DA:122,214
DA:124,214
DA:127,0
DA:131,17
DA:134,231
DA:136,231
DA:137,231
DA:139,0
DA:142,0
DA:147,185
DA:151,231
DA:152,17
DA:154,214
DA:166,2
DA:167,1
DA:169,1
DA:174,2806
DA:178,55
DA:185,94
DA:186,94
DA:194,94
DA:195,94
DA:197,94
DA:198,93
DA:202,94
DA:204,93
DA:207,94
DA:208,352
DA:209,352
DA:210,352
DA:211,351
DA:213,93
DA:215,92
DA:216,92
DA:219,0
DA:222,0
DA:227,48
DA:228,48
DA:232,168
DA:233,168
DA:237,1384
DA:241,1281
DA:242,1281
DA:246,861
DA:247,861
DA:251,352
DA:253,352
DA:255,235
DA:258,114
DA:263,114
DA:264,1
DA:269,79
DA:270,0
DA:275,4
DA:276,0
DA:281,234
DA:287,246
DA:288,246
DA:290,246
DA:292,246
DA:293,242
DA:297,246
DA:299,246
DA:300,133
DA:301,121
DA:305,246
DA:306,584
DA:308,246
DA:314,12
DA:315,12
DA:317,12
DA:323,412
DA:324,412
DA:326,412
DA:328,412
DA:329,412
DA:330,411
DA:335,1568
DA:336,1568
DA:338,1568
DA:339,1568
DA:340,695
DA:342,1568
DA:347,412
DA:350,412
DA:354,412
DA:356,9
DA:357,9
DA:359,10
DA:365,34
DA:367,34
DA:368,34
DA:374,34
DA:377,48
DA:378,48
DA:381,48
DA:385,2
DA:386,2
DA:388,2
DA:392,7
DA:393,7
DA:397,7
DA:398,7
DA:413,1993
DA:415,1993
DA:417,1845
DA:423,1059
DA:424,18
DA:428,68
DA:429,68
DA:434,849
DA:435,849
DA:439,144
DA:443,849
DA:444,847
DA:445,5
DA:457,168
DA:458,66
DA:460,102
DA:464,99
DA:469,48
DA:470,18
DA:472,30
DA:479,288
DA:480,144
DA:482,144
DA:487,144
DA:488,123
DA:491,21
DA:498,12
DA:499,6
DA:501,6
DA:504,6
DA:508,21
DA:512,148
DA:514,88
DA:518,1993
DA:522,1993
DA:523,1993
DA:527,1845
DA:529,148
LF:178
LH:171
BRDA:105,1,0,231
BRDA:105,1,1,0
BRDA:109,2,0,214
BRDA:109,2,1,17
BRDA:112,3,0,214
BRDA:112,3,1,0
BRDA:136,4,0,231
BRDA:136,4,1,0
BRDA:151,5,0,17
BRDA:151,5,1,214
BRDA:166,6,0,1
BRDA:166,6,1,1
BRDA:185,7,0,94
BRDA:185,7,1,0
BRDA:186,8,0,94
BRDA:186,8,1,0
BRDA:197,9,0,93
BRDA:197,9,1,1
BRDA:202,10,0,93
BRDA:202,10,1,1
BRDA:213,11,0,92
BRDA:213,11,1,1
BRDA:253,12,0,235
BRDA:253,12,1,117
BRDA:255,13,0,114
BRDA:255,13,1,121
BRDA:263,14,0,1
BRDA:263,14,1,113
BRDA:267,15,0,79
BRDA:267,15,1,42
BRDA:269,16,0,0
BRDA:269,16,1,79
BRDA:273,17,0,4
BRDA:273,17,1,38
BRDA:275,18,0,0
BRDA:275,18,1,4
BRDA:292,19,0,242
BRDA:292,19,1,4
BRDA:299,20,0,133
BRDA:299,20,1,113
BRDA:300,21,0,121
BRDA:300,21,1,12
BRDA:315,22,0,12
BRDA:315,22,1,0
BRDA:328,23,0,412
BRDA:328,23,1,0
BRDA:339,24,0,695
BRDA:339,24,1,873
BRDA:354,25,0,9
BRDA:354,25,1,403
BRDA:358,26,0,10
BRDA:358,26,1,393
BRDA:362,27,0,34
BRDA:362,27,1,359
BRDA:365,28,0,34
BRDA:365,28,1,0
BRDA:373,29,0,34
BRDA:373,29,1,325
BRDA:376,30,0,48
BRDA:376,30,1,277
BRDA:380,31,0,48
BRDA:380,31,1,229
BRDA:384,32,0,2
BRDA:384,32,1,227
BRDA:387,33,0,2
BRDA:387,33,1,225
BRDA:391,34,0,7
BRDA:391,34,1,218
BRDA:395,35,0,7
BRDA:395,35,1,211
BRDA:415,36,0,1845
BRDA:415,36,1,148
BRDA:417,37,0,1059
BRDA:417,37,1,786
BRDA:423,38,0,18
BRDA:423,38,1,1041
BRDA:426,39,0,68
BRDA:426,39,1,973
BRDA:428,40,0,68
BRDA:428,40,1,0
BRDA:432,41,0,849
BRDA:432,41,1,124
BRDA:434,42,0,849
BRDA:434,42,1,0
BRDA:435,43,0,144
BRDA:435,43,1,705
BRDA:443,44,0,847
BRDA:443,44,1,2
BRDA:444,45,0,5
BRDA:444,45,1,842
BRDA:455,46,0,168
BRDA:455,46,1,618
BRDA:457,47,0,66
BRDA:457,47,1,102
BRDA:463,48,0,99
BRDA:463,48,1,519
BRDA:467,49,0,48
BRDA:467,49,1,471
BRDA:469,50,0,18
BRDA:469,50,1,30
BRDA:476,51,0,288
BRDA:476,51,1,183
BRDA:479,52,0,144
BRDA:479,52,1,144
BRDA:485,53,0,144
BRDA:485,53,1,39
BRDA:487,54,0,123
BRDA:487,54,1,21
BRDA:490,55,0,21
BRDA:490,55,1,0
BRDA:495,56,0,12
BRDA:495,56,1,27
BRDA:498,57,0,6
BRDA:498,57,1,6
BRDA:503,58,0,6
BRDA:503,58,1,21
BRDA:507,59,0,21
BRDA:507,59,1,0
BRDA:512,60,0,88
BRDA:512,60,1,60
BRDA:523,61,0,1845
BRDA:523,61,1,148
BRF:122
BRH:108
end_of_record
TN:
SF:/Volumes/Dev/ico/dev/contracts/Entity/FundingVault.sol
FN:89,initialize
FN:148,addPayment
FN:193,getBoughtTokens
FN:197,getDirectBoughtTokens
FN:206,initMilestoneTokenAndEtherBalances
FN:237,ReleaseFundsAndTokens
FN:317,releaseTokensAndEtherForEmergencyFund
FN:337,ReleaseFundsToInvestor
FN:374,canCashBack
FN:392,checkFundingStateFailed
FN:412,checkMilestoneStateInvestorVotedNoVotingEndedNo
FN:425,checkOwnerFailedToSetTimeOnMeeting
FN:438,isOwner
FN:443,onlyManager
FN:448,requireInitialised
FN:453,requireNotInitialised
FNF:16
FNH:16
FNDA:221,initialize
FNDA:237,addPayment
FNDA:114,getBoughtTokens
FNDA:4,getDirectBoughtTokens
FNDA:68,initMilestoneTokenAndEtherBalances
FNDA:193,ReleaseFundsAndTokens
FNDA:4,releaseTokensAndEtherForEmergencyFund
FNDA:12,ReleaseFundsToInvestor
FNDA:224,canCashBack
FNDA:232,checkFundingStateFailed
FNDA:228,checkMilestoneStateInvestorVotedNoVotingEndedNo
FNDA:208,checkOwnerFailedToSetTimeOnMeeting
FNDA:14,isOwner
FNDA:435,onlyManager
FNDA:674,requireInitialised
FNDA:222,requireNotInitialised
DA:100,221
DA:102,221
DA:103,221
DA:106,221
DA:109,221
DA:110,221
DA:111,221
DA:112,221
DA:114,221
DA:115,221
DA:117,221
DA:118,221
DA:120,221
DA:121,221
DA:124,221
DA:125,221
DA:128,221
DA:129,221
DA:130,221
DA:131,221
DA:134,221
DA:135,221
DA:158,237
DA:161,235
DA:162,235
DA:163,235
DA:164,235
DA:165,235
DA:166,235
DA:169,235
DA:170,88
DA:171,88
DA:174,235
DA:175,147
DA:183,235
DA:185,235
DA:186,235
DA:188,2
DA:194,114
DA:198,4
DA:208,68
DA:210,68
DA:211,68
DA:216,68
DA:217,68
DA:218,68
DA:220,68
DA:221,68
DA:225,68
DA:227,340
DA:228,340
DA:229,340
DA:232,68
DA:233,68
DA:244,193
DA:246,192
DA:249,113
DA:255,45
DA:258,45
DA:261,45
DA:266,68
DA:267,4
DA:269,4
DA:270,4
DA:274,68
DA:276,113
DA:281,79
DA:283,79
DA:284,79
DA:286,79
DA:290,9
DA:291,9
DA:299,79
DA:302,79
DA:304,79
DA:306,9
DA:309,79
DA:313,1
DA:323,4
DA:326,4
DA:329,4
DA:331,4
DA:332,4
DA:334,0
DA:342,12
DA:349,12
DA:351,12
DA:352,10
DA:356,12
DA:359,12
DA:363,12
DA:377,224
DA:378,7
DA:381,217
DA:382,11
DA:385,206
DA:386,7
DA:389,199
DA:393,232
DA:394,6
DA:398,226
DA:401,109
DA:405,7
DA:409,219
DA:413,228
DA:415,27
DA:417,17
DA:418,17
DA:422,211
DA:431,208
DA:432,9
DA:434,199
DA:439,14
DA:440,12
DA:444,435
DA:445,434
DA:449,674
DA:450,673
DA:454,222
DA:455,221
LF:120
LH:119
BRDA:158,1,0,235
BRDA:158,1,1,2
BRDA:169,2,0,88
BRDA:169,2,1,147
BRDA:174,3,0,147
BRDA:174,3,1,88
BRDA:208,4,0,68
BRDA:208,4,1,0
BRDA:216,5,0,68
BRDA:216,5,1,0
BRDA:244,6,0,192
BRDA:244,6,1,1
BRDA:246,7,0,113
BRDA:246,7,1,79
BRDA:249,8,0,45
BRDA:249,8,1,68
BRDA:266,9,0,4
BRDA:266,9,1,64
BRDA:278,10,0,79
BRDA:278,10,1,0
BRDA:286,11,0,9
BRDA:286,11,1,70
BRDA:304,12,0,9
BRDA:304,12,1,70
BRDA:323,13,0,4
BRDA:323,13,1,0
BRDA:342,14,0,12
BRDA:342,14,1,0
BRDA:351,15,0,10
BRDA:351,15,1,2
BRDA:377,16,0,7
BRDA:377,16,1,217
BRDA:381,17,0,11
BRDA:381,17,1,206
BRDA:385,18,0,7
BRDA:385,18,1,199
BRDA:393,19,0,6
BRDA:393,19,1,226
BRDA:398,20,0,109
BRDA:398,20,1,117
BRDA:401,21,0,7
BRDA:401,21,1,102
BRDA:413,22,0,27
BRDA:413,22,1,201
BRDA:415,23,0,17
BRDA:415,23,1,10
BRDA:417,24,0,17
BRDA:417,24,1,0
BRDA:431,25,0,9
BRDA:431,25,1,199
BRDA:439,26,0,12
BRDA:439,26,1,2
BRDA:444,27,0,434
BRDA:444,27,1,1
BRDA:449,28,0,673
BRDA:449,28,1,1
BRDA:454,29,0,221
BRDA:454,29,1,1
BRF:58
BRH:52
end_of_record
TN:
SF:/Volumes/Dev/ico/dev/contracts/Entity/ListingContract.sol
FN:37,ListingContract
FN:42,setManagerAddress
FN:46,addItem
FN:63,getNewsContractAddress
FN:73,canBeDelisted
FN:88,getChildStatus
FN:94,delistChild
FNF:7
FNH:7
FNDA:119,ListingContract
FNDA:2,setManagerAddress
FNDA:13,addItem
FNDA:3,getNewsContractAddress
FNDA:12,canBeDelisted
FNDA:6,getChildStatus
FNDA:6,delistChild
DA:43,2
DA:49,12
DA:50,12
DA:51,12
DA:52,12
DA:53,12
DA:55,12
DA:64,3
DA:65,3
DA:66,1
DA:67,1
DA:69,2
DA:75,12
DA:76,12
DA:77,12
DA:78,12
DA:82,11
DA:85,1
DA:89,6
DA:90,6
DA:95,6
DA:97,6
DA:98,6
LF:23
LH:23
BRDA:47,1,0,12
BRDA:47,1,1,1
BRDA:65,2,0,1
BRDA:65,2,1,2
BRDA:76,3,0,12
BRDA:76,3,1,0
BRDA:78,4,0,11
BRDA:78,4,1,1
BRDA:95,5,0,6
BRDA:95,5,1,0
BRF:10
BRH:8
end_of_record
TN:
SF:/Volumes/Dev/ico/dev/contracts/Entity/Meetings.sol
FNF:0
FNH:0
LF:0
LH:0
BRF:0
BRH:0
end_of_record
TN:
SF:/Volumes/Dev/ico/dev/contracts/Entity/Milestones.sol
FN:51,setAssetStates
FN:83,runBeforeInitialization
FN:90,runBeforeApplyingSettings
FN:98,getBylawsProjectDevelopmentStart
FN:102,getBylawsMinTimeInTheFutureForMeetingCreation
FN:106,getBylawsCashBackVoteRejectedDuration
FN:122,addRecord
FN:149,getMilestoneFundingPercentage
FN:154,doStateChanges
FN:179,MilestonesCanChange
FN:199,getRecordStateRequiredChanges
FN:226,hasRequiredStateChanges
FN:244,RecordProcessor
FN:250,EntityProcessor
FN:285,PostponeMeetingIfApproved
FN:296,PostponeForCurrentMilestoneIsApproved
FN:307,afterVoteNoCashBackTime
FN:316,getHash
FN:320,getCurrentHash
FN:325,createMilestoneAcceptanceProposal
FN:331,getCurrentProposalId
FN:335,setCurrentMilestoneMeetingTime
FN:354,startNextMilestone
FN:386,updateRecord
FN:410,RecordUpdateAllowed
FN:426,isRecordUpdateAllowed
FN:447,getRequiredStateChanges
FN:567,ApplicationIsInDevelopment
FN:574,MeetingTimeSetFailure
FNF:29
FNH:29
FNDA:113,setAssetStates
FNDA:113,runBeforeInitialization
FNDA:111,runBeforeApplyingSettings
FNDA:111,getBylawsProjectDevelopmentStart
FNDA:239,getBylawsMinTimeInTheFutureForMeetingCreation
FNDA:24,getBylawsCashBackVoteRejectedDuration
FNDA:556,addRecord
FNDA:340,getMilestoneFundingPercentage
FNDA:404,doStateChanges
FNDA:1367,MilestonesCanChange
FNDA:1572,getRecordStateRequiredChanges
FNDA:1092,hasRequiredStateChanges
FNDA:69,RecordProcessor
FNDA:404,EntityProcessor
FNDA:71,PostponeMeetingIfApproved
FNDA:206,PostponeForCurrentMilestoneIsApproved
FNDA:18,afterVoteNoCashBackTime
FNDA:359,getHash
FNDA:359,getCurrentHash
FNDA:48,createMilestoneAcceptanceProposal
FNDA:263,getCurrentProposalId
FNDA:52,setCurrentMilestoneMeetingTime
FNDA:55,startNextMilestone
FNDA:69,updateRecord
FNDA:69,RecordUpdateAllowed
FNDA:70,isRecordUpdateAllowed
FNDA:1572,getRequiredStateChanges
FNDA:3144,ApplicationIsInDevelopment
FNDA:188,MeetingTimeSetFailure
DA:54,113
DA:55,113
DA:56,113
DA:58,113
DA:60,113
DA:61,113
DA:62,113
DA:64,113
DA:66,113
DA:67,113
DA:68,113
DA:70,113
DA:71,113
DA:73,113
DA:74,113
DA:77,113
DA:78,113
DA:79,113
DA:80,113
DA:84,113
DA:85,113
DA:86,113
DA:87,113
DA:92,111
DA:93,111
DA:94,111
DA:95,111
DA:99,111
DA:103,239
DA:107,24
DA:133,556
DA:135,556
DA:136,556
DA:137,556
DA:138,556
DA:145,556
DA:146,556
DA:150,340
DA:151,340
DA:156,404
DA:157,404
DA:159,404
DA:160,404
DA:162,404
DA:164,69
DA:165,69
DA:166,69
DA:169,404
DA:171,404
DA:172,404
DA:173,404
DA:180,1367
DA:185,509
DA:187,858
DA:200,1572
DA:201,1572
DA:203,1572
DA:205,509
DA:207,274
DA:208,207
DA:213,207
DA:214,0
DA:218,509
DA:219,0
DA:222,1572
DA:227,1092
DA:228,1092
DA:229,1092
DA:231,1092
DA:232,69
DA:234,1092
DA:235,528
DA:238,1092
DA:245,69
DA:246,69
DA:251,404
DA:255,404
DA:257,404
DA:263,48
DA:267,71
DA:274,6
DA:277,55
DA:278,55
DA:286,71
DA:287,71
DA:288,2
DA:289,2
DA:290,2
DA:291,2
DA:297,206
DA:298,206
DA:299,206
DA:300,7
DA:302,199
DA:308,18
DA:310,18
DA:311,12
DA:313,6
DA:317,359
DA:321,359
DA:326,48
DA:327,48
DA:332,263
DA:336,52
DA:337,51
DA:338,50
DA:340,50
DA:342,50
DA:343,50
DA:344,50
DA:347,1
DA:350,1
DA:355,55
DA:358,55
DA:359,55
DA:361,55
DA:363,41
DA:365,41
DA:366,41
DA:367,41
DA:392,69
DA:393,69
DA:394,69
DA:411,69
DA:412,69
DA:428,70
DA:430,70
DA:431,70
DA:433,70
DA:434,69
DA:436,1
DA:449,1572
DA:451,1572
DA:452,1572
DA:453,1572
DA:455,1572
DA:459,1367
DA:461,151
DA:463,84
DA:468,207
DA:472,237
DA:474,100
DA:478,137
DA:479,135
DA:480,5
DA:484,137
DA:486,14
DA:497,148
DA:498,102
DA:503,263
DA:505,263
DA:506,126
DA:509,263
DA:510,18
DA:515,168
DA:516,84
DA:522,18
DA:523,12
DA:528,24
DA:529,12
DA:535,151
DA:536,96
DA:539,55
DA:540,28
DA:541,14
DA:543,14
DA:546,27
DA:559,205
DA:560,87
DA:564,1572
DA:568,3144
DA:569,2734
DA:571,410
DA:575,188
DA:576,188
DA:577,188
DA:578,15
DA:580,173
LF:178
LH:176
BRDA:162,1,0,69
BRDA:162,1,1,335
BRDA:169,2,0,404
BRDA:169,2,1,0
BRDA:180,3,0,509
BRDA:180,3,1,858
BRDA:203,4,0,509
BRDA:203,4,1,1063
BRDA:205,5,0,274
BRDA:205,5,1,235
BRDA:207,6,0,207
BRDA:207,6,1,67
BRDA:211,7,0,207
BRDA:211,7,1,28
BRDA:213,8,0,0
BRDA:213,8,1,207
BRDA:218,9,0,0
BRDA:218,9,1,509
BRDA:231,10,0,69
BRDA:231,10,1,1023
BRDA:234,11,0,528
BRDA:234,11,1,564
BRDA:257,12,0,50
BRDA:257,12,1,354
BRDA:261,13,0,48
BRDA:261,13,1,306
BRDA:265,14,0,71
BRDA:265,14,1,235
BRDA:269,15,0,42
BRDA:269,15,1,193
BRDA:271,16,0,6
BRDA:271,16,1,187
BRDA:276,17,0,55
BRDA:276,17,1,132
BRDA:286,18,0,71
BRDA:286,18,1,0
BRDA:287,19,0,2
BRDA:287,19,1,69
BRDA:299,20,0,7
BRDA:299,20,1,199
BRDA:310,21,0,12
BRDA:310,21,1,6
BRDA:326,22,0,48
BRDA:326,22,1,0
BRDA:336,23,0,51
BRDA:336,23,1,1
BRDA:337,24,0,50
BRDA:337,24,1,1
BRDA:343,25,0,50
BRDA:343,25,1,0
BRDA:361,26,0,41
BRDA:361,26,1,14
BRDA:411,27,0,69
BRDA:411,27,1,0
BRDA:433,28,0,69
BRDA:433,28,1,1
BRDA:455,29,0,1367
BRDA:455,29,1,205
BRDA:459,30,0,151
BRDA:459,30,1,1216
BRDA:461,31,0,84
BRDA:461,31,1,67
BRDA:466,32,0,207
BRDA:466,32,1,1009
BRDA:470,33,0,237
BRDA:470,33,1,772
BRDA:472,34,0,100
BRDA:472,34,1,137
BRDA:478,35,0,135
BRDA:478,35,1,2
BRDA:479,36,0,5
BRDA:479,36,1,130
BRDA:484,37,0,14
BRDA:484,37,1,123
BRDA:490,38,0,0
BRDA:490,38,1,772
BRDA:493,39,0,148
BRDA:493,39,1,624
BRDA:497,40,0,102
BRDA:497,40,1,46
BRDA:501,41,0,263
BRDA:501,41,1,361
BRDA:505,42,0,126
BRDA:505,42,1,137
BRDA:509,43,0,18
BRDA:509,43,1,245
BRDA:513,44,0,168
BRDA:513,44,1,193
BRDA:515,45,0,84
BRDA:515,45,1,84
BRDA:519,46,0,18
BRDA:519,46,1,175
BRDA:522,47,0,12
BRDA:522,47,1,6
BRDA:526,48,0,24
BRDA:526,48,1,151
BRDA:528,49,0,12
BRDA:528,49,1,12
BRDA:532,50,0,151
BRDA:532,50,1,0
BRDA:535,51,0,96
BRDA:535,51,1,55
BRDA:539,52,0,28
BRDA:539,52,1,27
BRDA:540,53,0,14
BRDA:540,53,1,14
BRDA:559,54,0,87
BRDA:559,54,1,118
BRDA:568,55,0,2734
BRDA:568,55,1,410
BRDA:577,56,0,15
BRDA:577,56,1,173
BRF:112
BRH:103
end_of_record
TN:
SF:/Volumes/Dev/ico/dev/contracts/Entity/NewsContract.sol
FN:43,NewsContract
FN:47,addInternalMessage
FN:54,addItem
FN:62,onlyAppDeployer
FNF:4
FNH:4
FNDA:135,NewsContract
FNDA:2,addInternalMessage
FNDA:1,addItem
FNDA:2,onlyAppDeployer
DA:49,1
DA:50,1
DA:51,1
DA:55,1
DA:56,1
DA:57,1
DA:58,1
DA:59,1
DA:63,2
DA:64,2
DA:65,1
LF:11
LH:11
BRDA:48,1,0,1
BRDA:48,1,1,1
BRDA:64,2,0,1
BRDA:64,2,1,1
BRF:4
BRH:4
end_of_record
TN:
SF:/Volumes/Dev/ico/dev/contracts/Entity/Proposals.sol
FN:31,getRecordState
FN:35,getActionType
FN:39,getProposalState
FN:45,setActionTypes
FN:58,setAssetStates
FN:71,runBeforeApplyingSettings
FN:93,getBylawsProposalVotingDuration
FN:97,getBylawsMilestoneMinPostponing
FN:101,getBylawsMilestoneMaxPostponing
FN:105,getHash
FN:133,process
FN:149,hasRequiredStateChanges
FN:158,getRequiredStateChanges
FN:165,addCodeUpgradeProposal
FN:197,createMilestoneAcceptanceProposal
FN:215,createMilestonePostponingProposal
FN:237,getCurrentMilestonePostponingProposalDuration
FN:244,getCurrentMilestoneProposalStatusForType
FN:256,createEmergencyFundReleaseProposal
FN:272,createDelistingProposal
FN:294,onlyTokenHolder
FN:316,createProposal
FN:365,acceptCodeUpgrade
FN:373,initProposalVoting
FN:444,RegisterVote
FN:475,hasPreviousVote
FN:483,undoPreviousVote
FN:508,registerNewVote
FN:526,addVoteIntoResult
FN:539,getTotalTokenVotingPower
FN:546,getVotingPower
FN:575,setVoteCountPerProcess
FN:585,ProcessVoteTotals
FN:636,canEndVoting
FN:656,getProposalType
FN:660,expiryChangesState
FN:668,needsProcessing
FN:688,tryEndVoting
FN:698,finaliseProposal
FN:720,finaliseExpiredProposal
FN:742,tryFinaliseNonLockedTokensProposal
FN:753,addActiveProposal
FN:757,removeAndReindexActive
FN:775,runActionAfterResult
FN:815,getMyVoteForCurrentMilestoneRelease
FN:825,getHasVoteForCurrentMilestoneRelease
FN:833,getMyVote
FNF:47
FNH:47
FNDA:1907,getRecordState
FNDA:1549,getActionType
FNDA:264,getProposalState
FNDA:120,setActionTypes
FNDA:120,setAssetStates
FNDA:113,runBeforeApplyingSettings
FNDA:74,getBylawsProposalVotingDuration
FNDA:6,getBylawsMilestoneMinPostponing
FNDA:5,getBylawsMilestoneMaxPostponing
FNDA:330,getHash
FNDA:58,process
FNDA:936,hasRequiredStateChanges
FNDA:1,getRequiredStateChanges
FNDA:17,addCodeUpgradeProposal
FNDA:50,createMilestoneAcceptanceProposal
FNDA:5,createMilestonePostponingProposal
FNDA:2,getCurrentMilestonePostponingProposalDuration
FNDA:206,getCurrentMilestoneProposalStatusForType
FNDA:3,createEmergencyFundReleaseProposal
FNDA:6,createDelistingProposal
FNDA:7,onlyTokenHolder
FNDA:78,createProposal
FNDA:7,acceptCodeUpgrade
FNDA:74,initProposalVoting
FNDA:117,RegisterVote
FNDA:133,hasPreviousVote
FNDA:8,undoPreviousVote
FNDA:106,registerNewVote
FNDA:127,addVoteIntoResult
FNDA:7,getTotalTokenVotingPower
FNDA:137,getVotingPower
FNDA:2,setVoteCountPerProcess
FNDA:8,ProcessVoteTotals
FNDA:174,canEndVoting
FNDA:129,getProposalType
FNDA:552,expiryChangesState
FNDA:378,needsProcessing
FNDA:174,tryEndVoting
FNDA:116,finaliseProposal
FNDA:52,finaliseExpiredProposal
FNDA:74,tryFinaliseNonLockedTokensProposal
FNDA:74,addActiveProposal
FNDA:73,removeAndReindexActive
FNDA:176,runActionAfterResult
FNDA:17,getMyVoteForCurrentMilestoneRelease
FNDA:27,getHasVoteForCurrentMilestoneRelease
FNDA:1,getMyVote
DA:32,1907
DA:36,1549
DA:40,264
DA:47,120
DA:48,120
DA:49,120
DA:50,120
DA:53,120
DA:54,120
DA:60,120
DA:62,120
DA:63,120
DA:64,120
DA:65,120
DA:66,120
DA:76,113
DA:77,113
DA:79,113
DA:80,113
DA:82,113
DA:83,113
DA:84,113
DA:86,113
DA:87,113
DA:89,113
DA:90,113
DA:94,74
DA:98,6
DA:102,5
DA:106,330
DA:134,58
DA:136,68
DA:140,8
DA:143,60
DA:150,936
DA:151,378
DA:152,59
DA:155,877
DA:159,1
DA:160,0
DA:162,1
DA:176,17
DA:178,17
DA:179,8
DA:182,3
DA:185,17
DA:203,50
DA:204,50
DA:220,5
DA:222,3
DA:223,3
DA:233,2
DA:238,2
DA:239,2
DA:240,2
DA:241,2
DA:246,206
DA:247,206
DA:248,206
DA:249,206
DA:250,206
DA:251,206
DA:253,0
DA:261,3
DA:278,6
DA:280,5
DA:290,1
DA:295,7
DA:296,6
DA:331,78
DA:333,74
DA:334,74
DA:335,74
DA:336,74
DA:337,74
DA:338,74
DA:339,74
DA:340,74
DA:341,74
DA:342,74
DA:343,74
DA:344,74
DA:346,74
DA:350,4
DA:353,74
DA:354,74
DA:355,74
DA:366,7
DA:368,7
DA:369,7
DA:375,74
DA:376,74
DA:378,74
DA:380,65
DA:382,4
DA:383,4
DA:386,4
DA:390,61
DA:393,61
DA:398,3
DA:399,3
DA:402,3
DA:406,74
DA:407,74
DA:409,74
DA:445,117
DA:448,117
DA:451,117
DA:457,117
DA:461,106
DA:462,8
DA:465,106
DA:468,106
DA:471,11
DA:476,133
DA:477,133
DA:478,25
DA:480,108
DA:485,8
DA:488,8
DA:490,8
DA:491,8
DA:493,8
DA:496,8
DA:498,8
DA:499,4
DA:502,4
DA:511,106
DA:512,106
DA:513,106
DA:514,106
DA:515,106
DA:516,106
DA:517,106
DA:519,106
DA:521,106
DA:528,127
DA:530,127
DA:531,127
DA:532,127
DA:533,93
DA:535,34
DA:540,7
DA:541,7
DA:542,7
DA:543,7
DA:547,137
DA:548,137
DA:550,137
DA:552,0
DA:556,137
DA:557,137
DA:558,135
DA:560,135
DA:562,29
DA:566,137
DA:576,2
DA:577,1
DA:579,1
DA:587,8
DA:588,8
DA:589,8
DA:590,8
DA:593,8
DA:596,8
DA:598,8
DA:601,8
DA:602,8
DA:603,8
DA:604,8
DA:608,8
DA:611,0
DA:613,0
DA:616,8
DA:618,23
DA:620,23
DA:621,21
DA:624,23
DA:628,8
DA:630,8
DA:631,8
DA:632,8
DA:638,174
DA:639,174
DA:640,139
DA:641,110
DA:646,35
DA:647,8
DA:648,6
DA:653,58
DA:657,129
DA:661,552
DA:662,552
DA:663,104
DA:665,448
DA:669,378
DA:670,52
DA:673,326
DA:674,326
DA:675,7
DA:676,7
DA:677,0
DA:682,319
DA:685,7
DA:689,174
DA:690,116
DA:693,174
DA:694,52
DA:700,116
DA:701,116
DA:706,116
DA:708,19
DA:710,15
DA:713,4
DA:717,116
DA:722,52
DA:723,52
DA:726,52
DA:727,5
DA:730,47
DA:732,41
DA:736,6
DA:739,52
DA:744,74
DA:745,74
DA:747,74
DA:748,8
DA:749,8
DA:754,74
DA:759,73
DA:760,73
DA:761,88
DA:762,73
DA:764,88
DA:765,76
DA:769,73
DA:777,176
DA:779,176
DA:781,69
DA:786,6
DA:790,5
DA:798,4
DA:801,69
DA:806,20
DA:809,4
DA:817,17
DA:818,17
DA:819,17
DA:821,17
DA:822,17
DA:827,27
DA:828,27
DA:829,27
DA:830,27
DA:834,1
DA:835,1
LF:256
LH:250
BRDA:136,1,0,8
BRDA:136,1,1,60
BRDA:151,2,0,59
BRDA:151,2,1,319
BRDA:159,3,0,0
BRDA:159,3,1,1
BRDA:178,4,0,8
BRDA:178,4,1,9
BRDA:181,5,0,3
BRDA:181,5,1,6
BRDA:220,6,0,3
BRDA:220,6,1,2
BRDA:246,7,0,206
BRDA:246,7,1,0
BRDA:278,8,0,5
BRDA:278,8,1,1
BRDA:295,9,0,6
BRDA:295,9,1,1
BRDA:331,10,0,74
BRDA:331,10,1,4
BRDA:378,11,0,65
BRDA:378,11,1,9
BRDA:380,12,0,4
BRDA:380,12,1,61
BRDA:396,13,0,3
BRDA:396,13,1,6
BRDA:457,14,0,106
BRDA:457,14,1,11
BRDA:461,15,0,8
BRDA:461,15,1,98
BRDA:477,16,0,25
BRDA:477,16,1,108
BRDA:498,17,0,4
BRDA:498,17,1,4
BRDA:532,18,0,93
BRDA:532,18,1,34
BRDA:550,19,0,0
BRDA:550,19,1,137
BRDA:557,20,0,135
BRDA:557,20,1,2
BRDA:560,21,0,29
BRDA:560,21,1,106
BRDA:576,22,0,1
BRDA:576,22,1,1
BRDA:589,23,0,8
BRDA:589,23,1,0
BRDA:596,24,0,8
BRDA:596,24,1,0
BRDA:608,25,0,0
BRDA:608,25,1,8
BRDA:620,26,0,21
BRDA:620,26,1,2
BRDA:628,27,0,8
BRDA:628,27,1,0
BRDA:639,28,0,139
BRDA:639,28,1,35
BRDA:640,29,0,110
BRDA:640,29,1,29
BRDA:646,30,0,8
BRDA:646,30,1,27
BRDA:647,31,0,6
BRDA:647,31,1,2
BRDA:662,32,0,104
BRDA:662,32,1,448
BRDA:669,33,0,52
BRDA:669,33,1,326
BRDA:674,34,0,7
BRDA:674,34,1,319
BRDA:675,35,0,7
BRDA:675,35,1,0
BRDA:676,36,0,0
BRDA:676,36,1,7
BRDA:689,37,0,116
BRDA:689,37,1,58
BRDA:693,38,0,52
BRDA:693,38,1,122
BRDA:706,39,0,19
BRDA:706,39,1,97
BRDA:708,40,0,15
BRDA:708,40,1,4
BRDA:711,41,0,4
BRDA:711,41,1,0
BRDA:726,42,0,5
BRDA:726,42,1,47
BRDA:730,43,0,41
BRDA:730,43,1,6
BRDA:733,44,0,6
BRDA:733,44,1,0
BRDA:747,45,0,8
BRDA:747,45,1,66
BRDA:761,46,0,73
BRDA:761,46,1,15
BRDA:764,47,0,76
BRDA:764,47,1,12
BRDA:779,48,0,69
BRDA:779,48,1,107
BRDA:781,49,0,42
BRDA:781,49,1,27
BRDA:783,50,0,6
BRDA:783,50,1,21
BRDA:785,51,0,6
BRDA:785,51,1,15
BRDA:788,52,0,5
BRDA:788,52,1,10
BRDA:792,53,0,4
BRDA:792,53,1,6
BRDA:803,54,0,20
BRDA:803,54,1,87
BRDA:806,55,0,16
BRDA:806,55,1,4
BRF:110
BRH:99
end_of_record
TN:
SF:/Volumes/Dev/ico/dev/contracts/Entity/Token.sol
FN:24,Token
FNF:1
FNH:1
FNDA:141,Token
LF:0
LH:0
BRF:0
BRH:0
end_of_record
TN:
SF:/Volumes/Dev/ico/dev/contracts/Entity/TokenManager.sol
FN:24,addTokenSettingsAndInit
FN:45,runBeforeApplyingSettings
FN:58,getTokenSCADARequiresHardCap
FN:66,AllocateInitialTokenBalances
FN:104,ReleaseOwnersLockedTokens
FNF:5
FNH:5
FNDA:116,addTokenSettingsAndInit
FNDA:115,runBeforeApplyingSettings
FNDA:1,getTokenSCADARequiresHardCap
FNDA:98,AllocateInitialTokenBalances
FNDA:7,ReleaseOwnersLockedTokens
DA:36,116
DA:52,115
DA:54,115
DA:55,115
DA:59,1
DA:75,98
DA:79,98
DA:80,98
DA:83,98
DA:86,98
DA:90,98
DA:93,98
DA:94,98
DA:96,98
DA:97,98
DA:109,7
DA:110,7
DA:111,7
DA:112,7
DA:113,7
DA:114,7
LF:21
LH:21
BRDA:75,1,0,98
BRDA:75,1,1,0
BRDA:109,2,0,7
BRDA:109,2,1,0
BRF:4
BRH:2
end_of_record
TN:
SF:/Volumes/Dev/ico/dev/contracts/Entity/UpgradeTestAsset.sol
FN:19,runBeforeApplyingSettings
FNF:1
FNH:1
FNDA:3,runBeforeApplyingSettings
DA:25,3
DA:26,3
LF:2
LH:2
BRF:0
BRH:0
end_of_record
TN:
SF:/Volumes/Dev/ico/dev/contracts/GatewayInterface.sol
FN:30,GatewayInterface
FN:39,getApplicationAddress
FN:50,requestCodeUpgrade
FN:92,approveCodeUpgrade
FN:107,lockCurrentApp
FN:118,link
FN:134,getNewsContractAddress
FN:143,getListingContractAddress
FN:150,validCodeUpgradeInitiator
FNF:9
FNH:9
FNDA:81,GatewayInterface
FNDA:6,getApplicationAddress
FNDA:33,requestCodeUpgrade
FNDA:11,approveCodeUpgrade
FNDA:10,lockCurrentApp
FNDA:27,link
FNDA:1,getNewsContractAddress
FNDA:1,getListingContractAddress
FNDA:37,validCodeUpgradeInitiator
DA:31,81
DA:40,6
DA:55,33
DA:57,33
DA:64,33
DA:66,20
DA:67,1
DA:69,19
DA:70,19
DA:82,13
DA:93,11
DA:94,10
DA:95,10
DA:96,9
DA:97,1
DA:99,8
DA:100,8
DA:101,8
DA:108,10
DA:109,1
DA:120,27
DA:121,27
DA:122,27
DA:123,0
DA:125,27
DA:126,27
DA:135,1
DA:144,1
DA:151,37
DA:153,37
DA:154,37
DA:156,34
DA:157,32
DA:159,2
DA:160,2
DA:161,2
DA:162,1
DA:169,34
DA:170,33
LF:39
LH:38
BRDA:55,1,0,33
BRDA:55,1,1,0
BRDA:64,2,0,20
BRDA:64,2,1,13
BRDA:66,3,0,1
BRDA:66,3,1,19
BRDA:93,4,0,10
BRDA:93,4,1,1
BRDA:96,5,0,1
BRDA:96,5,1,8
BRDA:108,6,0,1
BRDA:108,6,1,9
BRDA:122,7,0,0
BRDA:122,7,1,27
BRDA:156,8,0,32
BRDA:156,8,1,2
BRDA:159,9,0,2
BRDA:159,9,1,0
BRDA:161,10,0,1
BRDA:161,10,1,1
BRDA:169,11,0,33
BRDA:169,11,1,1
BRF:22
BRH:19
end_of_record
TN:
SF:/Volumes/Dev/ico/dev/contracts/Inputs/FundingInputDirect.sol
FN:14,FundingInputDirect
FNF:1
FNH:1
FNDA:117,FundingInputDirect
DA:15,117
LF:1
LH:1
BRF:0
BRH:0
end_of_record
TN:
SF:/Volumes/Dev/ico/dev/contracts/Inputs/FundingInputGeneral.sol
FN:18,FundingInputGeneral
FN:22,
FN:26,buy
FN:45,isContract
FNF:4
FNH:4
FNDA:235,FundingInputGeneral
FNDA:235,
FNDA:235,buy
FNDA:234,isContract
DA:19,235
DA:23,235
DA:27,235
DA:28,234
DA:29,232
DA:30,231
DA:31,231
DA:33,1
DA:37,2
DA:40,1
DA:46,234
DA:47,234
DA:48,234
LF:13
LH:13
BRDA:27,1,0,234
BRDA:27,1,1,1
BRDA:28,2,0,232
BRDA:28,2,1,2
BRDA:29,3,0,231
BRDA:29,3,1,1
BRF:6
BRH:6
end_of_record
TN:
SF:/Volumes/Dev/ico/dev/contracts/Inputs/FundingInputMilestone.sol
FN:14,FundingInputMilestone
FNF:1
FNH:1
FNDA:116,FundingInputMilestone
DA:15,116
LF:1
LH:1
BRF:0
BRH:0
end_of_record
TN:
SF:/Volumes/Dev/ico/dev/contracts/zeppelin/math/SafeMath.sol
FN:9,mul
FN:24,sub
FN:29,add
FNF:3
FNH:3
FNDA:1,mul
FNDA:489,sub
FNDA:477,add
DA:10,1
DA:11,1
DA:12,1
DA:25,489
DA:26,483
DA:30,477
DA:31,477
DA:32,477
LF:8
LH:8
BRDA:11,1,0,1
BRDA:11,1,1,0
BRDA:25,2,0,483
BRDA:25,2,1,6
BRDA:31,3,0,477
BRDA:31,3,1,0
BRF:6
BRH:4
end_of_record
TN:
SF:/Volumes/Dev/ico/dev/contracts/zeppelin/token/BasicToken.sol
FN:22,transfer
FN:37,balanceOf
FNF:2
FNH:2
FNDA:467,transfer
FNDA:615,balanceOf
DA:23,467
DA:26,466
DA:27,464
DA:28,464
DA:29,464
DA:38,615
LF:6
LH:6
BRDA:23,1,0,466
BRDA:23,1,1,1
BRF:2
BRH:2
end_of_record
TN:
SF:/Volumes/Dev/ico/dev/contracts/zeppelin/token/ERC20.sol
FNF:0
FNH:0
LF:0
LH:0
BRF:0
BRH:0
end_of_record
TN:
SF:/Volumes/Dev/ico/dev/contracts/zeppelin/token/ERC20Basic.sol
FNF:0
FNH:0
LF:0
LH:0
BRF:0
BRH:0
end_of_record
TN:
SF:/Volumes/Dev/ico/dev/contracts/zeppelin/token/StandardToken.sol
FN:26,transferFrom
FN:51,approve
FN:63,allowance
FN:73,increaseApproval
FN:81,decreaseApproval
FNF:5
FNH:5
FNDA:11,transferFrom
FNDA:9,approve
FNDA:14,allowance
FNDA:2,increaseApproval
FNDA:2,decreaseApproval
DA:27,11
DA:29,10
DA:34,10
DA:35,10
DA:36,10
DA:37,7
DA:38,7
DA:52,9
DA:53,9
DA:54,9
DA:64,14
DA:76,2
DA:77,2
DA:78,2
DA:84,2
DA:85,2
DA:86,1
DA:89,1
DA:91,2
DA:92,2
LF:20
LH:20
BRDA:27,1,0,10
BRDA:27,1,1,1
BRDA:85,2,0,1
BRDA:85,2,1,1
BRF:4
BRH:4
end_of_record
